<?xml version="1.0" encoding="UTF-8"?>
<!-- Generated by org.testng.reporters.JUnitReportReporter -->
<testsuite hostname="pc0460" failures="0" tests="12" name="Assignments_Packages.WorkFlow_Roles_Test" time="35.564" errors="0" timestamp="2024-10-22T17:51:08 IST" skipped="0">
  <testcase classname="Assignments_Packages.WorkFlow_Roles_Test" name="addRole" time="7.526"/>
  <system-out/>
  <testcase classname="Assignments_Packages.WorkFlow_Roles_Test" name="addRole" time="3.123"/>
  <system-out/>
  <testcase classname="Assignments_Packages.WorkFlow_Roles_Test" name="addRole" time="3.933"/>
  <system-out/>
  <testcase classname="Assignments_Packages.WorkFlow_Roles_Test" name="editRole" time="3.617"/>
  <system-out/>
  <testcase classname="Assignments_Packages.WorkFlow_Roles_Test" name="editRole" time="8.250"/>
  <system-out/>
  <testcase classname="Assignments_Packages.WorkFlow_Roles_Test" name="editRole" time="3.785"/>
  <system-out/>
  <testcase classname="Assignments_Packages.WorkFlow_Roles_Test" name="viewRole" time="0.998"/>
  <system-out/>
  <testcase classname="Assignments_Packages.WorkFlow_Roles_Test" name="viewRole" time="0.843"/>
  <system-out/>
  <testcase classname="Assignments_Packages.WorkFlow_Roles_Test" name="viewRole" time="1.457"/>
  <system-out/>
  <testcase classname="Assignments_Packages.WorkFlow_Roles_Test" name="deleteRole" time="0.662"/>
  <system-out/>
  <testcase classname="Assignments_Packages.WorkFlow_Roles_Test" name="deleteRole" time="0.609"/>
  <system-out/>
  <testcase classname="Assignments_Packages.WorkFlow_Roles_Test" name="deleteRole" time="0.761"/>
  <system-out/>
</testsuite> <!-- Assignments_Packages.WorkFlow_Roles_Test -->
