<?xml version="1.0" encoding="UTF-8"?>
<!-- Generated by org.testng.reporters.JUnitReportReporter -->
<testsuite hostname="pc0460" failures="0" tests="3" name="Assignments_Packages.TestCustomerAdd" time="19.403" errors="0" timestamp="2024-10-19T09:33:38 IST" skipped="0">
  <testcase classname="Assignments_Packages.TestCustomerAdd" name="customerAdd_2" time="5.945"/>
  <system-out/>
  <testcase classname="Assignments_Packages.TestCustomerAdd" name="customerAdd_1" time="7.493"/>
  <system-out/>
  <testcase classname="Assignments_Packages.TestCustomerAdd" name="customerAdd_3" time="5.965"/>
  <system-out/>
</testsuite> <!-- Assignments_Packages.TestCustomerAdd -->
