<?xml version="1.0" encoding="UTF-8"?>
<!-- Generated by org.testng.reporters.JUnitReportReporter -->
<testsuite hostname="pc0460" failures="0" tests="2" name="Package_1.Groups_Test" time="0.023" errors="0" timestamp="2024-10-21T11:07:32 IST" skipped="0">
  <testcase classname="Package_1.Groups_Test" name="create" time="0.018"/>
  <system-out/>
  <testcase classname="Package_1.Groups_Test" name="edit" time="0.005"/>
  <system-out/>
</testsuite> <!-- Package_1.Groups_Test -->
