<?xml version="1.0" encoding="UTF-8"?>
<!-- Generated by org.testng.reporters.JUnitReportReporter -->
<testsuite hostname="pc0460" failures="0" tests="4" name="Assignments_Packages.Product_Test" time="20.582" errors="0" timestamp="2024-10-22T12:14:45 IST" skipped="0">
  <testcase classname="Assignments_Packages.Product_Test" name="createProduct" time="6.965"/>
  <system-out/>
  <testcase classname="Assignments_Packages.Product_Test" name="editProduct" time="7.712"/>
  <system-out/>
  <testcase classname="Assignments_Packages.Product_Test" name="viewProduct" time="3.306"/>
  <system-out/>
  <testcase classname="Assignments_Packages.Product_Test" name="deleteProduct" time="2.599"/>
  <system-out/>
</testsuite> <!-- Assignments_Packages.Product_Test -->
