<?xml version="1.0" encoding="UTF-8"?>
<!-- Generated by org.testng.reporters.JUnitReportReporter -->
<testsuite hostname="pc0460" failures="0" tests="4" name="Package_1.Product_Test" time="4.211" errors="0" timestamp="2024-10-18T10:04:37 IST" skipped="0">
  <testcase classname="Package_1.Product_Test" name="deleteProduct" time="0.007"/>
  <system-out/>
  <testcase classname="Package_1.Product_Test" name="createProduct" time="4.199"/>
  <system-out/>
  <testcase classname="Package_1.Product_Test" name="editProduct" time="0.003"/>
  <system-out/>
  <testcase classname="Package_1.Product_Test" name="viewProduct" time="0.002"/>
  <system-out/>
</testsuite> <!-- Package_1.Product_Test -->
