<?xml version="1.0" encoding="UTF-8"?>
<!-- Generated by org.testng.reporters.JUnitReportReporter -->
<testsuite hostname="pc0460" failures="0" tests="2" name="Package_1.parameters_test" time="0.021" errors="0" timestamp="2024-10-21T15:36:41 IST" skipped="0">
  <testcase classname="Package_1.parameters_test" name="test1" time="0.002"/>
  <system-out/>
  <testcase classname="Package_1.parameters_test" name="test1" time="0.019"/>
  <system-out/>
</testsuite> <!-- Package_1.parameters_test -->
