<?xml version="1.0" encoding="UTF-8"?>
<!-- Generated by org.testng.reporters.JUnitXMLReporter -->
<testsuite ignored="0" hostname="pc0460" failures="0" tests="3" name="test-customer-add" time="19.387" errors="0" timestamp="2024-10-15T19:10:52 IST">
  <testcase classname="Assignments_Packages.TestCustomerAdd" name="customerAdd_1" time="7.121"/>
  <testcase classname="Assignments_Packages.TestCustomerAdd" name="customerAdd_2" time="5.103"/>
  <testcase classname="Assignments_Packages.TestCustomerAdd" name="customerAdd_3" time="5.32"/>
</testsuite> <!-- test-customer-add -->
