<?xml version="1.0" encoding="UTF-8"?>
<!-- Generated by org.testng.reporters.JUnitXMLReporter -->
<testsuite ignored="2" hostname="pc0460" failures="0" tests="2" name="test-1" time="0.084" errors="0" timestamp="2024-10-21T11:07:32 IST">
  <testcase classname="Package_1.Groups_Test" name="create" time="0.018"/>
  <testcase classname="Package_1.Groups_Test" name="edit" time="0.005"/>
  <testcase classname="Package_1.Groups_Test" name="delete" time="0.0">
    <ignored/>
  </testcase> <!-- delete -->
  <testcase classname="Package_1.Groups_Test" name="view" time="0.0">
    <ignored/>
  </testcase> <!-- view -->
</testsuite> <!-- test-1 -->
