<?xml version="1.0" encoding="UTF-8"?>
<!-- Generated by org.testng.reporters.JUnitReportReporter -->
<testsuite hostname="pc0460" failures="0" tests="4" name="Assignments_Packages.TestPaymentTermsCRUD" time="6.389" errors="0" timestamp="2024-10-18T10:44:44 IST" skipped="0">
  <testcase classname="Assignments_Packages.TestPaymentTermsCRUD" name="EditPaymentTerm" time="1.394"/>
  <system-out/>
  <testcase classname="Assignments_Packages.TestPaymentTermsCRUD" name="viewPaymentTerm" time="1.338"/>
  <system-out/>
  <testcase classname="Assignments_Packages.TestPaymentTermsCRUD" name="deletePaymentTerm" time="0.652"/>
  <system-out/>
  <testcase classname="Assignments_Packages.TestPaymentTermsCRUD" name="addPaymentTerm" time="3.005"/>
  <system-out/>
</testsuite> <!-- Assignments_Packages.TestPaymentTermsCRUD -->
