<?xml version="1.0" encoding="UTF-8"?>
<!-- Generated by org.testng.reporters.JUnitReportReporter -->
<testsuite hostname="pc0460" failures="0" tests="1" name="Package_1.Groups_Test" time="0.018" errors="0" timestamp="2024-10-18T17:00:44 IST" skipped="0">
  <testcase classname="Package_1.Groups_Test" name="create" time="0.018"/>
  <system-out/>
</testsuite> <!-- Package_1.Groups_Test -->
