<?xml version="1.0" encoding="UTF-8"?>
<!-- Generated by org.testng.reporters.JUnitReportReporter -->
<testsuite hostname="pc0460" failures="0" tests="2" name="TestNGPackage.group_debug" time="0.020" errors="0" timestamp="2024-10-18T17:31:00 IST" skipped="0">
  <testcase classname="TestNGPackage.group_debug" name="login" time="0.003"/>
  <system-out/>
  <testcase classname="TestNGPackage.group_debug" name="edit" time="0.017"/>
  <system-out/>
</testsuite> <!-- TestNGPackage.group_debug -->
