<?xml version="1.0" encoding="UTF-8"?>
<!-- Generated by org.testng.reporters.JUnitReportReporter -->
<testsuite hostname="pc0460" failures="0" tests="4" name="Assignments_Packages.Product_Test" time="22.601" errors="0" timestamp="2024-10-19T13:14:55 IST" skipped="0">
  <testcase classname="Assignments_Packages.Product_Test" name="deleteProduct" time="3.498"/>
  <system-out/>
  <testcase classname="Assignments_Packages.Product_Test" name="createProduct" time="7.322"/>
  <system-out/>
  <testcase classname="Assignments_Packages.Product_Test" name="editProduct" time="8.237"/>
  <system-out/>
  <testcase classname="Assignments_Packages.Product_Test" name="viewProduct" time="3.544"/>
  <system-out/>
</testsuite> <!-- Assignments_Packages.Product_Test -->
