<?xml version="1.0" encoding="UTF-8"?>
<!-- Generated by org.testng.reporters.JUnitReportReporter -->
<testsuite hostname="pc0460" failures="0" tests="2" name="Package_1.group_debug" time="0.026" errors="0" timestamp="2024-10-18T18:04:00 IST" skipped="0">
  <testcase classname="Package_1.group_debug" name="edit" time="0.024"/>
  <system-out/>
  <testcase classname="Package_1.group_debug" name="login" time="0.002"/>
  <system-out/>
</testsuite> <!-- Package_1.group_debug -->
