<?xml version="1.0" encoding="UTF-8"?>
<!-- Generated by org.testng.reporters.JUnitReportReporter -->
<testsuite hostname="pc0460" failures="0" tests="1" name="Package_1.PracTest1" time="0.014" errors="0" timestamp="2024-10-16T14:19:10 IST" skipped="0">
  <testcase classname="Package_1.PracTest1" name="test_1" time="0.014"/>
  <system-out/>
</testsuite> <!-- Package_1.PracTest1 -->
