<?xml version="1.0" encoding="UTF-8"?>
<!-- Generated by org.testng.reporters.JUnitXMLReporter -->
<testsuite ignored="0" hostname="pc0460" failures="0" tests="3" name="test-customer-add" time="19.45" errors="0" timestamp="2024-10-19T09:33:37 IST">
  <testcase classname="Assignments_Packages.TestCustomerAdd" name="customerAdd_1" time="6.929"/>
  <testcase classname="Assignments_Packages.TestCustomerAdd" name="customerAdd_2" time="5.343"/>
  <testcase classname="Assignments_Packages.TestCustomerAdd" name="customerAdd_3" time="5.314"/>
</testsuite> <!-- test-customer-add -->
