<?xml version="1.0" encoding="UTF-8"?>
<!-- Generated by org.testng.reporters.JUnitXMLReporter -->
<testsuite ignored="1" hostname="pc0460" failures="0" tests="2" name="test-1" time="0.078" errors="0" timestamp="2024-10-18T18:03:59 IST">
  <testcase classname="Package_1.group_debug" name="edit" time="0.024"/>
  <testcase classname="Package_1.group_debug" name="login" time="0.002"/>
  <testcase classname="Package_1.group_debug" name="dummyTest" time="0.0">
    <ignored/>
  </testcase> <!-- dummyTest -->
</testsuite> <!-- test-1 -->
