<?xml version="1.0" encoding="UTF-8"?>
<!-- Generated by org.testng.reporters.JUnitReportReporter -->
<testsuite hostname="pc0460" failures="0" tests="3" name="Assignments_Packages.TestCustomerAdd" time="19.295" errors="0" timestamp="2024-10-15T19:10:53 IST" skipped="0">
  <testcase classname="Assignments_Packages.TestCustomerAdd" name="customerAdd_3" time="5.895"/>
  <system-out/>
  <testcase classname="Assignments_Packages.TestCustomerAdd" name="customerAdd_2" time="5.703"/>
  <system-out/>
  <testcase classname="Assignments_Packages.TestCustomerAdd" name="customerAdd_1" time="7.697"/>
  <system-out/>
</testsuite> <!-- Assignments_Packages.TestCustomerAdd -->
