<?xml version="1.0" encoding="UTF-8"?>
<!-- Generated by org.testng.reporters.JUnitReportReporter -->
<testsuite hostname="pc0460" failures="0" tests="4" name="Assignments_Packages.TestPaymentTermsCRUD" time="5.876" errors="0" timestamp="2024-10-15T18:59:18 IST" skipped="0">
  <testcase classname="Assignments_Packages.TestPaymentTermsCRUD" name="deletePaymentTerm" time="0.617"/>
  <system-out/>
  <testcase classname="Assignments_Packages.TestPaymentTermsCRUD" name="viewPaymentTerm" time="1.366"/>
  <system-out/>
  <testcase classname="Assignments_Packages.TestPaymentTermsCRUD" name="addPaymentTerm" time="2.509"/>
  <system-out/>
  <testcase classname="Assignments_Packages.TestPaymentTermsCRUD" name="EditPaymentTerm" time="1.384"/>
  <system-out/>
</testsuite> <!-- Assignments_Packages.TestPaymentTermsCRUD -->
